[07-02-2023 18:51:24] [33mwarn[39m: [33mPOST /auth/register 500[39m
[07-02-2023 18:56:21] [33mwarn[39m: [33mPOST /auth/register 500[39m
[07-02-2023 19:00:16] [33mwarn[39m: [33mPOST /auth/register 500[39m
[07-02-2023 19:12:50] [31merror[39m: [31mPOST /api/products 422[39m
[07-02-2023 19:16:09] [31merror[39m: [31mPOST /api/products?title=%22TV%22&description=%22smartTV%22&code=%22001%22&thumbnail=%22TV.jpg%22&price=120000&stock=5 422[39m
[07-02-2023 19:19:11] [31merror[39m: [31mPOST /api/products?title=%22TV%22&description=%22smartTV%22&code=%22001%22&thumbnail=%22TV.jpg%22&price=120000&stock=5&category=%22Electrodomesticos%22 422[39m
[07-02-2023 19:23:42] [31merror[39m: [31mPOST /api/products 422[39m
[07-02-2023 19:24:23] [31merror[39m: [31mPOST /api/products 422[39m
[07-02-2023 19:24:39] [31merror[39m: [31mPOST /api/products 422[39m
[07-02-2023 19:37:38] [31merror[39m: [31mGET / 302[39m
[07-02-2023 19:37:46] [31merror[39m: [31mGET /images/tv0001.jpg 404[39m
[07-02-2023 19:37:46] [31merror[39m: [31mGET /images/note0002.jpg 404[39m
[07-02-2023 19:37:46] [31merror[39m: [31mGET /images/monitor0003.jpg 404[39m
[07-02-2023 19:37:58] [31merror[39m: [31mGET /images/tv0001.jpg 404[39m
[07-02-2023 19:38:11] [31merror[39m: [31mGET /images/tv0001.jpg 404[39m
[07-02-2023 19:38:20] [31merror[39m: [31mGET /images/tv0001.jpg 404[39m
[07-02-2023 19:43:50] [31merror[39m: [31mGET /images/tv0001.jpg 404[39m
[07-02-2023 19:43:50] [31merror[39m: [31mGET /images/note0002.jpg 404[39m
[07-02-2023 19:43:50] [31merror[39m: [31mGET /images/monitor0003.jpg 404[39m
[07-02-2023 19:44:09] [31merror[39m: [31mGET /images/tv0001.jpg 404[39m
[07-02-2023 19:44:14] [31merror[39m: [31mGET /images/tv0001.jpg 404[39m
[07-02-2023 19:44:18] [31merror[39m: [31mGET /images/tv0001.jpg 404[39m
[08-02-2023 21:44:02] [31merror[39m: [31mGET /favicon.ico 404[39m
[08-02-2023 21:44:09] [31merror[39m: [31mGET /images/tv0001.jpg 404[39m
[08-02-2023 21:44:09] [31merror[39m: [31mGET /images/note0002.jpg 404[39m
[08-02-2023 21:44:09] [31merror[39m: [31mGET /images/monitor0003.jpg 404[39m
[08-02-2023 21:44:15] [31merror[39m: [31mGET /images/monitor0003.jpg 404[39m
[08-02-2023 21:44:22] [31merror[39m: [31mGET /images/monitor0003.jpg 404[39m
[08-02-2023 21:44:28] [31merror[39m: [31mGET /images/monitor0003.jpg 404[39m
[08-02-2023 21:51:10] [31merror[39m: [31mGET /images/tv0001.jpg 404[39m
[08-02-2023 21:51:10] [31merror[39m: [31mGET /images/note0002.jpg 404[39m
[08-02-2023 21:51:10] [31merror[39m: [31mGET /images/monitor0003.jpg 404[39m
[08-02-2023 21:51:18] [31merror[39m: [31mGET /images/note0002.jpg 404[39m
[08-02-2023 21:51:21] [31merror[39m: [31mGET /images/note0002.jpg 404[39m
[08-02-2023 21:51:25] [31merror[39m: [31mGET /images/note0002.jpg 404[39m
[08-02-2023 21:54:19] [31merror[39m: [31mGET /images/tv0001.jpg 404[39m
[08-02-2023 21:54:19] [31merror[39m: [31mGET /images/note0002.jpg 404[39m
[08-02-2023 21:54:19] [31merror[39m: [31mGET /images/monitor0003.jpg 404[39m
[08-02-2023 21:54:24] [31merror[39m: [31mGET /images/note0002.jpg 404[39m
[08-02-2023 21:54:29] [31merror[39m: [31mGET /images/note0002.jpg 404[39m
[08-02-2023 21:54:33] [31merror[39m: [31mGET /images/note0002.jpg 404[39m
[08-02-2023 22:00:30] [31merror[39m: [31mGET /images/tv0001.jpg 404[39m
[08-02-2023 22:00:30] [31merror[39m: [31mGET /images/note0002.jpg 404[39m
[08-02-2023 22:00:30] [31merror[39m: [31mGET /images/monitor0003.jpg 404[39m
[08-02-2023 22:02:18] [31merror[39m: [31mPOST /auth/login 404[39m
[08-02-2023 22:06:56] [31merror[39m: [31mGET /images/tv0001.jpg 404[39m
[08-02-2023 22:06:56] [31merror[39m: [31mGET /images/note0002.jpg 404[39m
[08-02-2023 22:06:56] [31merror[39m: [31mGET /images/monitor0003.jpg 404[39m
[08-02-2023 22:07:01] [31merror[39m: [31mGET /images/note0002.jpg 404[39m
[08-02-2023 22:07:05] [31merror[39m: [31mGET /images/note0002.jpg 404[39m
[08-02-2023 22:07:08] [31merror[39m: [31mGET /images/note0002.jpg 404[39m
[08-02-2023 22:08:54] [31merror[39m: [31mGET /images/tv0001.jpg 404[39m
[08-02-2023 22:08:54] [31merror[39m: [31mGET /images/note0002.jpg 404[39m
[08-02-2023 22:08:54] [31merror[39m: [31mGET /images/monitor0003.jpg 404[39m
[08-02-2023 22:09:00] [31merror[39m: [31mGET /images/note0002.jpg 404[39m
[08-02-2023 22:09:04] [31merror[39m: [31mGET /images/note0002.jpg 404[39m
[08-02-2023 22:09:11] [31merror[39m: [31mGET /images/note0002.jpg 404[39m
[08-02-2023 22:11:10] [33mwarn[39m: [33mPOST /auth/register 500[39m
[08-02-2023 22:13:41] [31merror[39m: [31mGET /images/tv0001.jpg 404[39m
[08-02-2023 22:13:41] [31merror[39m: [31mGET /images/note0002.jpg 404[39m
[08-02-2023 22:13:41] [31merror[39m: [31mGET /images/monitor0003.jpg 404[39m
[08-02-2023 22:13:45] [31merror[39m: [31mGET /images/note0002.jpg 404[39m
[08-02-2023 22:13:50] [31merror[39m: [31mGET /images/note0002.jpg 404[39m
[08-02-2023 22:14:01] [31merror[39m: [31mGET /images/note0002.jpg 404[39m
[08-02-2023 22:18:53] [31merror[39m: [31mGET /images/tv0001.jpg 404[39m
[08-02-2023 22:18:53] [31merror[39m: [31mGET /images/note0002.jpg 404[39m
[08-02-2023 22:18:53] [31merror[39m: [31mGET /images/monitor0003.jpg 404[39m
[08-02-2023 22:48:47] [31merror[39m: [31mGET /images/tv0001.jpg 404[39m
[08-02-2023 22:48:47] [31merror[39m: [31mGET /images/monitor0003.jpg 404[39m
[08-02-2023 22:48:47] [31merror[39m: [31mGET /images/note0002.jpg 404[39m
[08-02-2023 22:50:21] [31merror[39m: [31mGET /images/tv0001.jpg 404[39m
[08-02-2023 22:50:21] [31merror[39m: [31mGET /images/note0002.jpg 404[39m
[08-02-2023 22:50:21] [31merror[39m: [31mGET /images/monitor0003.jpg 404[39m
[08-02-2023 22:51:28] [33mwarn[39m: [33mPOST /auth/register 500[39m
[08-02-2023 22:58:41] [33mwarn[39m: [33mPOST /auth/register 500[39m
[08-02-2023 23:01:52] [33mwarn[39m: [33mPOST /auth/register 500[39m
[08-02-2023 23:04:43] [33mwarn[39m: [33mPOST /auth/register 500[39m
[08-02-2023 23:05:17] [31merror[39m: [31mGET /images/tv0001.jpg 404[39m
[08-02-2023 23:05:17] [31merror[39m: [31mGET /images/note0002.jpg 404[39m
[08-02-2023 23:05:17] [31merror[39m: [31mGET /images/monitor0003.jpg 404[39m
[08-02-2023 23:12:50] [31merror[39m: [31mGET /images/tv0001.jpg 404[39m
[08-02-2023 23:12:50] [31merror[39m: [31mGET /images/note0002.jpg 404[39m
[08-02-2023 23:12:50] [31merror[39m: [31mGET /images/monitor0003.jpg 404[39m
[08-02-2023 23:13:41] [33mwarn[39m: [33mPOST /auth/register 500[39m
[08-02-2023 23:15:04] [31merror[39m: [31mGET /images/tv0001.jpg 404[39m
[08-02-2023 23:15:04] [31merror[39m: [31mGET /images/note0002.jpg 404[39m
[08-02-2023 23:15:04] [31merror[39m: [31mGET /images/monitor0003.jpg 404[39m
[08-02-2023 23:15:10] [31merror[39m: [31mGET /images/monitor0003.jpg 404[39m
[08-02-2023 23:15:15] [31merror[39m: [31mGET /images/monitor0003.jpg 404[39m
[08-02-2023 23:15:17] [31merror[39m: [31mGET /images/monitor0003.jpg 404[39m
[08-02-2023 23:15:26] [31merror[39m: [31mGET /images/tv0001.jpg 404[39m
[08-02-2023 23:15:26] [31merror[39m: [31mGET /images/note0002.jpg 404[39m
[08-02-2023 23:15:26] [31merror[39m: [31mGET /images/monitor0003.jpg 404[39m
[08-02-2023 23:15:32] [33mwarn[39m: [33mGET /api/products/category/ 500[39m
[08-02-2023 23:15:49] [31merror[39m: [31mGET /images/tv0001.jpg 404[39m
[08-02-2023 23:15:49] [31merror[39m: [31mGET /images/note0002.jpg 404[39m
[08-02-2023 23:15:49] [31merror[39m: [31mGET /images/monitor0003.jpg 404[39m
[08-02-2023 23:16:33] [31merror[39m: [31mGET /images/tv0001.jpg 404[39m
[08-02-2023 23:16:33] [31merror[39m: [31mGET /images/monitor0003.jpg 404[39m
[08-02-2023 23:16:33] [31merror[39m: [31mGET /images/note0002.jpg 404[39m
[08-02-2023 23:16:36] [31merror[39m: [31mGET /images/tv0001.jpg 404[39m
[08-02-2023 23:16:36] [31merror[39m: [31mGET /images/note0002.jpg 404[39m
[08-02-2023 23:16:36] [31merror[39m: [31mGET /images/monitor0003.jpg 404[39m
[08-02-2023 23:19:51] [31merror[39m: [31mGET /images/tv0001.jpg 404[39m
[08-02-2023 23:19:51] [31merror[39m: [31mGET /images/monitor0003.jpg 404[39m
[08-02-2023 23:19:51] [31merror[39m: [31mGET /images/note0002.jpg 404[39m
[08-02-2023 23:22:24] [31merror[39m: [31mGET /images/tv0001.jpg 404[39m
[08-02-2023 23:22:24] [31merror[39m: [31mGET /images/note0002.jpg 404[39m
[08-02-2023 23:22:24] [31merror[39m: [31mGET /images/monitor0003.jpg 404[39m
[08-02-2023 23:22:27] [31merror[39m: [31mGET /images/tv0001.jpg 404[39m
[08-02-2023 23:22:27] [31merror[39m: [31mGET /images/note0002.jpg 404[39m
[08-02-2023 23:22:27] [31merror[39m: [31mGET /images/monitor0003.jpg 404[39m
[08-02-2023 23:22:30] [31merror[39m: [31mGET /images/note0002.jpg 404[39m
[08-02-2023 23:22:30] [31merror[39m: [31mGET /images/tv0001.jpg 404[39m
[08-02-2023 23:22:30] [31merror[39m: [31mGET /images/monitor0003.jpg 404[39m
[08-02-2023 23:22:35] [31merror[39m: [31mGET /images/note0002.jpg 404[39m
[08-02-2023 23:22:41] [31merror[39m: [31mGET /images/note0002.jpg 404[39m
[08-02-2023 23:22:46] [31merror[39m: [31mGET /images/note0002.jpg 404[39m
[08-02-2023 23:22:54] [31merror[39m: [31mGET /images/note0002.jpg 404[39m
[08-02-2023 23:23:12] [31merror[39m: [31mGET /images/tv0001.jpg 404[39m
[08-02-2023 23:23:12] [31merror[39m: [31mGET /images/note0002.jpg 404[39m
[08-02-2023 23:23:12] [31merror[39m: [31mGET /images/monitor0003.jpg 404[39m
[08-02-2023 23:23:14] [31merror[39m: [31mGET /images/tv0001.jpg 404[39m
[08-02-2023 23:23:16] [31merror[39m: [31mGET /images/note0002.jpg 404[39m
[08-02-2023 23:23:16] [31merror[39m: [31mGET /images/tv0001.jpg 404[39m
[08-02-2023 23:26:37] [31merror[39m: [31mGET /images/tv0001.jpg 404[39m
[08-02-2023 23:28:06] [31merror[39m: [31mGET /images/tv0001.jpg 404[39m
[08-02-2023 23:28:11] [31merror[39m: [31mGET /images/tv0001.jpg 404[39m
[08-02-2023 23:31:31] [31merror[39m: [31mGET /images/tv0001.jpg 404[39m
[08-02-2023 23:31:31] [31merror[39m: [31mGET /images/note0002.jpg 404[39m
[08-02-2023 23:31:31] [31merror[39m: [31mGET /images/monitor0003.jpg 404[39m
[08-02-2023 23:31:37] [31merror[39m: [31mGET /images/tv0001.jpg 404[39m
[08-02-2023 23:31:37] [31merror[39m: [31mGET /images/note0002.jpg 404[39m
[08-02-2023 23:31:37] [31merror[39m: [31mGET /images/monitor0003.jpg 404[39m
[08-02-2023 23:31:48] [31merror[39m: [31mGET /images/monitor0003.jpg 404[39m
[08-02-2023 23:31:55] [31merror[39m: [31mGET /images/monitor0003.jpg 404[39m
[08-02-2023 23:32:06] [31merror[39m: [31mGET /images/tv0001.jpg 404[39m
[08-02-2023 23:32:06] [31merror[39m: [31mGET /images/note0002.jpg 404[39m
[08-02-2023 23:32:06] [31merror[39m: [31mGET /images/monitor0003.jpg 404[39m
[08-02-2023 23:33:04] [31merror[39m: [31mGET /images/tv0001.jpg 404[39m
[08-02-2023 23:33:04] [31merror[39m: [31mGET /images/note0002.jpg 404[39m
[08-02-2023 23:33:04] [31merror[39m: [31mGET /images/monitor0003.jpg 404[39m
[08-02-2023 23:33:09] [31merror[39m: [31mGET /images/tv0001.jpg 404[39m
[08-02-2023 23:33:11] [31merror[39m: [31mGET /images/tv0001.jpg 404[39m
[08-02-2023 23:33:16] [31merror[39m: [31mGET /images/tv0001.jpg 404[39m
[08-02-2023 23:33:25] [31merror[39m: [31mGET /images/tv0001.jpg 404[39m
[08-02-2023 23:33:25] [31merror[39m: [31mGET /images/note0002.jpg 404[39m
[08-02-2023 23:33:25] [31merror[39m: [31mGET /images/monitor0003.jpg 404[39m
[08-02-2023 23:33:27] [31merror[39m: [31mGET /images/monitor0003.jpg 404[39m
[08-02-2023 23:34:50] [31merror[39m: [31mGET /images/tv0001.jpg 404[39m
[08-02-2023 23:34:50] [31merror[39m: [31mGET /images/note0002.jpg 404[39m
[08-02-2023 23:34:50] [31merror[39m: [31mGET /images/monitor0003.jpg 404[39m
[08-02-2023 23:34:52] [31merror[39m: [31mGET /images/note0002.jpg 404[39m
[08-02-2023 23:56:27] [31merror[39m: [31mGET /images/tv0001.jpg 404[39m
[08-02-2023 23:56:27] [31merror[39m: [31mGET /images/note0002.jpg 404[39m
[08-02-2023 23:56:27] [31merror[39m: [31mGET /images/monitor0003.jpg 404[39m
[08-02-2023 23:56:30] [31merror[39m: [31mGET /images/tv0001.jpg 404[39m
[08-02-2023 23:56:32] [31merror[39m: [31mGET /images/tv0001.jpg 404[39m
[08-02-2023 23:56:39] [33mwarn[39m: [33mPOST /api/order 500[39m
[08-02-2023 23:56:43] [31merror[39m: [31mGET /images/tv0001.jpg 404[39m
[08-02-2023 23:56:43] [31merror[39m: [31mGET /images/note0002.jpg 404[39m
[08-02-2023 23:56:43] [31merror[39m: [31mGET /images/monitor0003.jpg 404[39m
[08-02-2023 23:56:45] [31merror[39m: [31mGET /images/note0002.jpg 404[39m
[08-02-2023 23:56:47] [31merror[39m: [31mGET /images/note0002.jpg 404[39m
[08-02-2023 23:56:50] [33mwarn[39m: [33mPOST /api/order 500[39m
[08-02-2023 23:56:55] [31merror[39m: [31mGET /images/tv0001.jpg 404[39m
[08-02-2023 23:56:55] [31merror[39m: [31mGET /images/note0002.jpg 404[39m
[08-02-2023 23:56:55] [31merror[39m: [31mGET /images/monitor0003.jpg 404[39m
[08-02-2023 23:57:18] [31merror[39m: [31mGET /images/note0002.jpg 404[39m
[08-02-2023 23:57:20] [31merror[39m: [31mGET /images/note0002.jpg 404[39m
[08-02-2023 23:57:22] [33mwarn[39m: [33mPOST /api/order 500[39m
[08-02-2023 23:57:26] [33mwarn[39m: [33mPOST /api/order 500[39m
[08-02-2023 23:57:57] [31merror[39m: [31mGET /images/tv0001.jpg 404[39m
[08-02-2023 23:57:57] [31merror[39m: [31mGET /images/note0002.jpg 404[39m
[08-02-2023 23:57:57] [31merror[39m: [31mGET /images/monitor0003.jpg 404[39m
[08-02-2023 23:57:59] [31merror[39m: [31mGET /images/tv0001.jpg 404[39m
[08-02-2023 23:58:01] [31merror[39m: [31mGET /images/tv0001.jpg 404[39m
[08-02-2023 23:58:04] [31merror[39m: [31mGET /images/tv0001.jpg 404[39m
[11-02-2023 15:21:53] [31merror[39m: [31mGET /favicon.ico 404[39m
[11-02-2023 15:22:04] [31merror[39m: [31mGET /images/tv0001.jpg 404[39m
[11-02-2023 15:22:04] [31merror[39m: [31mGET /images/note0002.jpg 404[39m
[11-02-2023 15:22:04] [31merror[39m: [31mGET /images/monitor0003.jpg 404[39m
[11-02-2023 15:22:13] [31merror[39m: [31mGET /images/tv0001.jpg 404[39m
[11-02-2023 15:22:13] [31merror[39m: [31mGET /images/note0002.jpg 404[39m
[11-02-2023 15:22:13] [31merror[39m: [31mGET /images/monitor0003.jpg 404[39m
[11-02-2023 15:24:32] [31merror[39m: [31mGET /images/tv0001.jpg 404[39m
[11-02-2023 15:24:32] [31merror[39m: [31mGET /images/note0002.jpg 404[39m
[11-02-2023 15:24:32] [31merror[39m: [31mGET /images/monitor0003.jpg 404[39m
[11-02-2023 15:27:55] [31merror[39m: [31mGET /images/tv0001.jpg 404[39m
[11-02-2023 15:27:55] [31merror[39m: [31mGET /images/note0002.jpg 404[39m
[11-02-2023 15:27:55] [31merror[39m: [31mGET /images/monitor0003.jpg 404[39m
[11-02-2023 15:28:05] [31merror[39m: [31mGET /images/tv0001.jpg 404[39m
[11-02-2023 15:28:05] [31merror[39m: [31mGET /images/note0002.jpg 404[39m
[11-02-2023 15:28:05] [31merror[39m: [31mGET /images/monitor0003.jpg 404[39m
[11-02-2023 15:28:22] [31merror[39m: [31mGET /assets/js/bootstrap.min.js.map 404[39m
[11-02-2023 15:28:22] [31merror[39m: [31mGET /assets/css/bootstrap.min.css.map 404[39m
[11-02-2023 15:33:45] [31merror[39m: [31mGET /images/tv0001.jpg 404[39m
[11-02-2023 15:33:45] [31merror[39m: [31mGET /images/note0002.jpg 404[39m
[11-02-2023 15:33:45] [31merror[39m: [31mGET /images/monitor0003.jpg 404[39m
[11-02-2023 15:33:45] [31merror[39m: [31mGET /assets/css/bootstrap.min.css.map 404[39m
[11-02-2023 15:33:45] [31merror[39m: [31mGET /assets/js/bootstrap.min.js.map 404[39m
[11-02-2023 15:37:22] [31merror[39m: [31mGET /assets/css/bootstrap.min.css.map 404[39m
[11-02-2023 15:42:09] [31merror[39m: [31mGET /images/tv0001.jpg 404[39m
[11-02-2023 15:42:09] [31merror[39m: [31mGET /images/note0002.jpg 404[39m
[11-02-2023 15:42:09] [31merror[39m: [31mGET /images/monitor0003.jpg 404[39m
[11-02-2023 15:42:10] [31merror[39m: [31mGET /assets/css/bootstrap.min.css.map 404[39m
[11-02-2023 15:42:10] [31merror[39m: [31mGET /assets/js/bootstrap.min.js.map 404[39m
[11-02-2023 15:45:29] [31merror[39m: [31mGET /assets/css/bootstrap.min.css.map 404[39m
[11-02-2023 15:47:08] [31merror[39m: [31mGET /images/tv0001.jpg 404[39m
[11-02-2023 15:47:08] [31merror[39m: [31mGET /images/monitor0003.jpg 404[39m
[11-02-2023 15:47:08] [31merror[39m: [31mGET /images/note0002.jpg 404[39m
[11-02-2023 15:47:08] [31merror[39m: [31mGET /assets/css/bootstrap.min.css.map 404[39m
[11-02-2023 15:47:08] [31merror[39m: [31mGET /assets/js/bootstrap.min.js.map 404[39m
[11-02-2023 15:47:37] [31merror[39m: [31mGET /productos 404[39m
[11-02-2023 15:47:38] [31merror[39m: [31mGET /assets/css/bootstrap.min.css.map 404[39m
[11-02-2023 15:47:38] [31merror[39m: [31mGET /assets/js/bootstrap.min.js.map 404[39m
[11-02-2023 15:47:48] [31merror[39m: [31mGET /images/tv0001.jpg 404[39m
[11-02-2023 15:47:48] [31merror[39m: [31mGET /images/note0002.jpg 404[39m
[11-02-2023 15:47:48] [31merror[39m: [31mGET /images/monitor0003.jpg 404[39m
[11-02-2023 15:47:48] [31merror[39m: [31mGET /assets/css/bootstrap.min.css.map 404[39m
[11-02-2023 15:47:49] [31merror[39m: [31mGET /assets/js/bootstrap.min.js.map 404[39m
[11-02-2023 15:50:23] [31merror[39m: [31mGET /user 404[39m
[11-02-2023 15:50:24] [31merror[39m: [31mGET /assets/css/bootstrap.min.css.map 404[39m
[11-02-2023 15:50:24] [31merror[39m: [31mGET /assets/js/bootstrap.min.js.map 404[39m
[11-02-2023 15:50:30] [31merror[39m: [31mGET /images/tv0001.jpg 404[39m
[11-02-2023 15:50:30] [31merror[39m: [31mGET /images/note0002.jpg 404[39m
[11-02-2023 15:50:30] [31merror[39m: [31mGET /assets/css/bootstrap.min.css.map 404[39m
[11-02-2023 15:50:30] [31merror[39m: [31mGET /images/monitor0003.jpg 404[39m
[11-02-2023 15:50:31] [31merror[39m: [31mGET /assets/js/bootstrap.min.js.map 404[39m
[11-02-2023 15:50:33] [31merror[39m: [31mGET /user 404[39m
[11-02-2023 15:50:34] [31merror[39m: [31mGET /assets/css/bootstrap.min.css.map 404[39m
[11-02-2023 15:50:34] [31merror[39m: [31mGET /assets/js/bootstrap.min.js.map 404[39m
[11-02-2023 15:52:21] [31merror[39m: [31mGET /assets/css/bootstrap.min.css.map 404[39m
[11-02-2023 15:52:21] [31merror[39m: [31mGET /assets/js/bootstrap.min.js.map 404[39m
[11-02-2023 15:53:03] [31merror[39m: [31mGET /images/tv0001.jpg 404[39m
[11-02-2023 15:53:03] [31merror[39m: [31mGET /images/note0002.jpg 404[39m
[11-02-2023 15:53:03] [31merror[39m: [31mGET /images/monitor0003.jpg 404[39m
[11-02-2023 15:53:03] [31merror[39m: [31mGET /assets/css/bootstrap.min.css.map 404[39m
[11-02-2023 15:53:04] [31merror[39m: [31mGET /assets/js/bootstrap.min.js.map 404[39m
[11-02-2023 15:53:07] [31merror[39m: [31mGET /images/tv0001.jpg 404[39m
[11-02-2023 15:53:07] [31merror[39m: [31mGET /images/note0002.jpg 404[39m
[11-02-2023 15:53:07] [31merror[39m: [31mGET /images/monitor0003.jpg 404[39m
[11-02-2023 15:53:07] [31merror[39m: [31mGET /assets/css/bootstrap.min.css.map 404[39m
[11-02-2023 15:53:07] [31merror[39m: [31mGET /assets/js/bootstrap.min.js.map 404[39m
[11-02-2023 15:53:10] [31merror[39m: [31mGET /assets/css/bootstrap.min.css.map 404[39m
[11-02-2023 15:53:11] [31merror[39m: [31mGET /assets/js/bootstrap.min.js.map 404[39m
[11-02-2023 15:54:28] [31merror[39m: [31mGET /images/tv0001.jpg 404[39m
[11-02-2023 15:54:28] [31merror[39m: [31mGET /images/note0002.jpg 404[39m
[11-02-2023 15:54:28] [31merror[39m: [31mGET /images/monitor0003.jpg 404[39m
[11-02-2023 15:54:29] [31merror[39m: [31mGET /assets/css/bootstrap.min.css.map 404[39m
[11-02-2023 15:54:29] [31merror[39m: [31mGET /assets/js/bootstrap.min.js.map 404[39m
[11-02-2023 15:54:32] [31merror[39m: [31mGET /images/tv0001.jpg 404[39m
[11-02-2023 15:54:32] [31merror[39m: [31mGET /images/note0002.jpg 404[39m
[11-02-2023 15:54:32] [31merror[39m: [31mGET /images/monitor0003.jpg 404[39m
[11-02-2023 15:54:33] [31merror[39m: [31mGET /assets/css/bootstrap.min.css.map 404[39m
[11-02-2023 15:54:33] [31merror[39m: [31mGET /assets/js/bootstrap.min.js.map 404[39m
[11-02-2023 16:00:28] [31merror[39m: [31mGET /assets/js/bootstrap.min.js.map 404[39m
[11-02-2023 16:00:28] [31merror[39m: [31mGET /assets/css/bootstrap.min.css.map 404[39m
[11-02-2023 16:00:43] [31merror[39m: [31mGET /assets/js/bootstrap.min.js.map 404[39m
[11-02-2023 16:00:43] [31merror[39m: [31mGET /assets/css/bootstrap.min.css.map 404[39m
[11-02-2023 16:00:43] [31merror[39m: [31mGET /assets/css/bootstrap.min.css.map 404[39m
[11-02-2023 16:00:47] [31merror[39m: [31mGET /assets/js/bootstrap.min.js.map 404[39m
[11-02-2023 16:00:47] [31merror[39m: [31mGET /assets/css/bootstrap.min.css.map 404[39m
[11-02-2023 16:00:47] [31merror[39m: [31mGET /assets/css/bootstrap.min.css.map 404[39m
[11-02-2023 16:01:28] [31merror[39m: [31mGET /images/tv0001.jpg 404[39m
[11-02-2023 16:01:28] [31merror[39m: [31mGET /images/note0002.jpg 404[39m
[11-02-2023 16:01:28] [31merror[39m: [31mGET /images/monitor0003.jpg 404[39m
[11-02-2023 16:01:29] [31merror[39m: [31mGET /assets/css/bootstrap.min.css.map 404[39m
[11-02-2023 16:01:29] [31merror[39m: [31mGET /assets/js/bootstrap.min.js.map 404[39m
[11-02-2023 16:01:32] [31merror[39m: [31mGET /images/monitor0003.jpg 404[39m
[11-02-2023 16:01:32] [31merror[39m: [31mGET /assets/css/bootstrap.min.css.map 404[39m
[11-02-2023 16:01:32] [31merror[39m: [31mGET /assets/js/bootstrap.min.js.map 404[39m
[11-02-2023 16:01:45] [31merror[39m: [31mGET /images/monitor0003.jpg 404[39m
[11-02-2023 16:01:45] [31merror[39m: [31mGET /assets/css/bootstrap.min.css.map 404[39m
[11-02-2023 16:01:45] [31merror[39m: [31mGET /assets/js/bootstrap.min.js.map 404[39m
[11-02-2023 16:02:11] [31merror[39m: [31mGET /assets/css/bootstrap.min.css.map 404[39m
[11-02-2023 16:02:12] [31merror[39m: [31mGET /assets/js/bootstrap.min.js.map 404[39m
[11-02-2023 16:02:15] [31merror[39m: [31mGET /images/tv0001.jpg 404[39m
[11-02-2023 16:02:15] [31merror[39m: [31mGET /images/note0002.jpg 404[39m
[11-02-2023 16:02:15] [31merror[39m: [31mGET /images/monitor0003.jpg 404[39m
[11-02-2023 16:02:15] [31merror[39m: [31mGET /assets/css/bootstrap.min.css.map 404[39m
[11-02-2023 16:02:16] [31merror[39m: [31mGET /assets/js/bootstrap.min.js.map 404[39m
[11-02-2023 16:02:18] [31merror[39m: [31mGET /images/tv0001.jpg 404[39m
[11-02-2023 16:02:18] [31merror[39m: [31mGET /assets/css/bootstrap.min.css.map 404[39m
[11-02-2023 16:02:18] [31merror[39m: [31mGET /assets/js/bootstrap.min.js.map 404[39m
[11-02-2023 16:02:22] [31merror[39m: [31mGET /images/tv0001.jpg 404[39m
[11-02-2023 16:02:22] [31merror[39m: [31mGET /assets/css/bootstrap.min.css.map 404[39m
[11-02-2023 16:02:22] [31merror[39m: [31mGET /assets/js/bootstrap.min.js.map 404[39m
[11-02-2023 16:02:30] [31merror[39m: [31mGET /images/tv0001.jpg 404[39m
[11-02-2023 16:02:30] [31merror[39m: [31mGET /assets/css/bootstrap.min.css.map 404[39m
[11-02-2023 16:02:30] [31merror[39m: [31mGET /assets/js/bootstrap.min.js.map 404[39m
[11-02-2023 16:02:39] [31merror[39m: [31mGET /assets/css/bootstrap.min.css.map 404[39m
[11-02-2023 16:02:39] [31merror[39m: [31mGET /assets/js/bootstrap.min.js.map 404[39m
[11-02-2023 16:02:41] [31merror[39m: [31mGET /images/tv0001.jpg 404[39m
[11-02-2023 16:02:41] [31merror[39m: [31mGET /images/note0002.jpg 404[39m
[11-02-2023 16:02:41] [31merror[39m: [31mGET /images/monitor0003.jpg 404[39m
[11-02-2023 16:02:41] [31merror[39m: [31mGET /assets/css/bootstrap.min.css.map 404[39m
[11-02-2023 16:02:41] [31merror[39m: [31mGET /assets/js/bootstrap.min.js.map 404[39m
[11-02-2023 16:02:50] [31merror[39m: [31mGET /images/note0002.jpg 404[39m
[11-02-2023 16:02:50] [31merror[39m: [31mGET /assets/css/bootstrap.min.css.map 404[39m
[11-02-2023 16:02:50] [31merror[39m: [31mGET /assets/js/bootstrap.min.js.map 404[39m
[11-02-2023 16:02:53] [31merror[39m: [31mGET /images/note0002.jpg 404[39m
[11-02-2023 16:02:53] [31merror[39m: [31mGET /assets/css/bootstrap.min.css.map 404[39m
[11-02-2023 16:02:53] [31merror[39m: [31mGET /assets/js/bootstrap.min.js.map 404[39m
[11-02-2023 16:03:08] [31merror[39m: [31mGET /images/tv0001.jpg 404[39m
[11-02-2023 16:03:08] [31merror[39m: [31mGET /images/note0002.jpg 404[39m
[11-02-2023 16:03:08] [31merror[39m: [31mGET /images/monitor0003.jpg 404[39m
[11-02-2023 16:03:08] [31merror[39m: [31mGET /assets/css/bootstrap.min.css.map 404[39m
[11-02-2023 16:03:08] [31merror[39m: [31mGET /assets/js/bootstrap.min.js.map 404[39m
[11-02-2023 16:03:10] [31merror[39m: [31mGET /images/tv0001.jpg 404[39m
[11-02-2023 16:03:10] [31merror[39m: [31mGET /assets/css/bootstrap.min.css.map 404[39m
[11-02-2023 16:03:10] [31merror[39m: [31mGET /assets/js/bootstrap.min.js.map 404[39m
[11-02-2023 16:03:13] [31merror[39m: [31mGET /images/note0002.jpg 404[39m
[11-02-2023 16:03:13] [31merror[39m: [31mGET /images/tv0001.jpg 404[39m
[11-02-2023 16:03:13] [31merror[39m: [31mGET /assets/css/bootstrap.min.css.map 404[39m
[11-02-2023 16:03:13] [31merror[39m: [31mGET /assets/js/bootstrap.min.js.map 404[39m
[11-02-2023 16:12:49] [31merror[39m: [31mGET /assets/css/bootstrap.min.css.map 404[39m
[11-02-2023 16:12:49] [31merror[39m: [31mGET /assets/js/bootstrap.min.js.map 404[39m
[11-02-2023 16:12:53] [31merror[39m: [31mGET /images/tv0001.jpg 404[39m
[11-02-2023 16:12:53] [31merror[39m: [31mGET /images/note0002.jpg 404[39m
[11-02-2023 16:12:53] [31merror[39m: [31mGET /images/monitor0003.jpg 404[39m
[11-02-2023 16:12:53] [31merror[39m: [31mGET /assets/css/bootstrap.min.css.map 404[39m
[11-02-2023 16:12:54] [31merror[39m: [31mGET /assets/js/bootstrap.min.js.map 404[39m
[11-02-2023 16:12:58] [31merror[39m: [31mGET /images/note0002.jpg 404[39m
[11-02-2023 16:12:58] [31merror[39m: [31mGET /images/tv0001.jpg 404[39m
[11-02-2023 16:12:58] [31merror[39m: [31mGET /assets/css/bootstrap.min.css.map 404[39m
[11-02-2023 16:12:58] [31merror[39m: [31mGET /assets/js/bootstrap.min.js.map 404[39m
[11-02-2023 16:15:18] [31merror[39m: [31mGET /images/tv0001.jpg 404[39m
[11-02-2023 16:15:18] [31merror[39m: [31mGET /images/note0002.jpg 404[39m
[11-02-2023 16:15:18] [31merror[39m: [31mGET /images/monitor0003.jpg 404[39m
[11-02-2023 16:15:27] [31merror[39m: [31mGET /images/tv0001.jpg 404[39m
[11-02-2023 16:15:27] [31merror[39m: [31mGET /images/note0002.jpg 404[39m
[11-02-2023 16:15:27] [31merror[39m: [31mGET /images/monitor0003.jpg 404[39m
[11-02-2023 16:15:33] [31merror[39m: [31mGET /images/note0002.jpg 404[39m
[11-02-2023 16:15:36] [31merror[39m: [31mGET /images/note0002.jpg 404[39m
[11-02-2023 16:15:39] [31merror[39m: [31mPOST / 404[39m
[11-02-2023 16:17:09] [31merror[39m: [31mPOST / 404[39m
[11-02-2023 16:17:11] [31merror[39m: [31mGET /images/tv0001.jpg 404[39m
[11-02-2023 16:17:12] [31merror[39m: [31mGET /images/note0002.jpg 404[39m
[11-02-2023 16:17:12] [31merror[39m: [31mGET /images/monitor0003.jpg 404[39m
[11-02-2023 16:19:57] [31merror[39m: [31mGET /images/tv0001.jpg 404[39m
[11-02-2023 16:19:57] [31merror[39m: [31mGET /images/note0002.jpg 404[39m
[11-02-2023 16:19:57] [31merror[39m: [31mGET /images/monitor0003.jpg 404[39m
[11-02-2023 16:20:07] [31merror[39m: [31mGET /images/tv0001.jpg 404[39m
[11-02-2023 16:20:07] [31merror[39m: [31mGET /images/note0002.jpg 404[39m
[11-02-2023 16:20:07] [31merror[39m: [31mGET /images/monitor0003.jpg 404[39m
[11-02-2023 16:20:08] [31merror[39m: [31mGET /images/note0002.jpg 404[39m
[11-02-2023 16:20:11] [31merror[39m: [31mGET /images/note0002.jpg 404[39m
[11-02-2023 16:20:13] [31merror[39m: [31mGET /images/tv0001.jpg 404[39m
[11-02-2023 16:20:13] [31merror[39m: [31mGET /images/note0002.jpg 404[39m
[11-02-2023 16:20:13] [31merror[39m: [31mGET /images/monitor0003.jpg 404[39m
[11-02-2023 16:20:14] [31merror[39m: [31mGET /images/tv0001.jpg 404[39m
[11-02-2023 16:20:18] [31merror[39m: [31mGET /images/note0002.jpg 404[39m
[11-02-2023 16:20:18] [31merror[39m: [31mGET /images/tv0001.jpg 404[39m
[11-02-2023 16:20:22] [31merror[39m: [31mGET /images/note0002.jpg 404[39m
[11-02-2023 16:20:22] [31merror[39m: [31mGET /images/tv0001.jpg 404[39m
[11-02-2023 16:20:33] [31merror[39m: [31mGET /images/tv0001.jpg 404[39m
[11-02-2023 16:20:33] [31merror[39m: [31mGET /images/note0002.jpg 404[39m
[11-02-2023 16:20:33] [31merror[39m: [31mGET /images/monitor0003.jpg 404[39m
[11-02-2023 16:42:13] [31merror[39m: [31mGET /images/tv0001.jpg 404[39m
[11-02-2023 16:42:13] [31merror[39m: [31mGET /images/note0002.jpg 404[39m
[11-02-2023 16:42:13] [31merror[39m: [31mGET /images/monitor0003.jpg 404[39m
[11-02-2023 16:42:16] [31merror[39m: [31mGET /images/note0002.jpg 404[39m
[11-02-2023 16:42:22] [31merror[39m: [31mGET /images/note0002.jpg 404[39m
[11-02-2023 16:42:26] [31merror[39m: [31mGET /images/note0002.jpg 404[39m
[11-02-2023 16:45:06] [31merror[39m: [31mGET /images/tv0001.jpg 404[39m
[11-02-2023 16:45:06] [31merror[39m: [31mGET /images/note0002.jpg 404[39m
[11-02-2023 16:45:06] [31merror[39m: [31mGET /images/monitor0003.jpg 404[39m
[11-02-2023 16:45:13] [31merror[39m: [31mGET /images/tv0001.jpg 404[39m
[11-02-2023 16:45:13] [31merror[39m: [31mGET /images/note0002.jpg 404[39m
[11-02-2023 16:45:13] [31merror[39m: [31mGET /images/monitor0003.jpg 404[39m
[11-02-2023 16:45:15] [31merror[39m: [31mGET /images/tv0001.jpg 404[39m
[11-02-2023 16:45:18] [31merror[39m: [31mGET /images/tv0001.jpg 404[39m
[11-02-2023 16:45:22] [31merror[39m: [31mGET /images/tv0001.jpg 404[39m
[11-02-2023 16:45:22] [31merror[39m: [31mGET /images/note0002.jpg 404[39m
[11-02-2023 16:45:22] [31merror[39m: [31mGET /images/monitor0003.jpg 404[39m
[11-02-2023 16:45:23] [31merror[39m: [31mGET /images/note0002.jpg 404[39m
[11-02-2023 16:45:25] [31merror[39m: [31mGET /images/tv0001.jpg 404[39m
[11-02-2023 16:45:25] [31merror[39m: [31mGET /images/note0002.jpg 404[39m
[11-02-2023 16:45:28] [31merror[39m: [31mGET /images/tv0001.jpg 404[39m
[11-02-2023 16:45:28] [31merror[39m: [31mGET /images/note0002.jpg 404[39m
[11-02-2023 16:45:37] [31merror[39m: [31mGET /images/tv0001.jpg 404[39m
[11-02-2023 16:45:37] [31merror[39m: [31mGET /images/note0002.jpg 404[39m
[11-02-2023 16:45:37] [31merror[39m: [31mGET /images/monitor0003.jpg 404[39m
[11-02-2023 16:48:12] [31merror[39m: [31mGET /images/tv0001.jpg 404[39m
[11-02-2023 16:48:12] [31merror[39m: [31mGET /images/note0002.jpg 404[39m
[11-02-2023 16:48:12] [31merror[39m: [31mGET /images/monitor0003.jpg 404[39m
[11-02-2023 16:48:15] [31merror[39m: [31mGET /images/tv0001.jpg 404[39m
[11-02-2023 16:48:15] [31merror[39m: [31mGET /images/note0002.jpg 404[39m
[11-02-2023 16:48:15] [31merror[39m: [31mGET /images/monitor0003.jpg 404[39m
[11-02-2023 16:48:21] [31merror[39m: [31mGET /images/tv0001.jpg 404[39m
[11-02-2023 16:48:21] [31merror[39m: [31mGET /images/note0002.jpg 404[39m
[11-02-2023 16:48:21] [31merror[39m: [31mGET /images/monitor0003.jpg 404[39m
[11-02-2023 16:48:22] [31merror[39m: [31mGET /images/monitor0003.jpg 404[39m
[11-02-2023 16:48:25] [31merror[39m: [31mGET /images/monitor0003.jpg 404[39m
[11-02-2023 16:48:27] [31merror[39m: [31mGET /images/tv0001.jpg 404[39m
[11-02-2023 16:48:27] [31merror[39m: [31mGET /images/note0002.jpg 404[39m
[11-02-2023 16:48:27] [31merror[39m: [31mGET /images/monitor0003.jpg 404[39m
[11-02-2023 16:48:28] [31merror[39m: [31mGET /images/note0002.jpg 404[39m
[11-02-2023 16:48:42] [31merror[39m: [31mGET /images/monitor0003.jpg 404[39m
[11-02-2023 16:48:42] [31merror[39m: [31mGET /images/note0002.jpg 404[39m
[11-02-2023 16:48:45] [33mwarn[39m: [33mPOST /api/order 500[39m
[11-02-2023 16:49:00] [33mwarn[39m: [33mPOST /api/order 500[39m
[11-02-2023 16:49:05] [33mwarn[39m: [33mPOST /api/order 500[39m
[11-02-2023 16:49:22] [31merror[39m: [31mGET /images/tv0001.jpg 404[39m
[11-02-2023 16:49:22] [31merror[39m: [31mGET /images/note0002.jpg 404[39m
[11-02-2023 16:49:22] [31merror[39m: [31mGET /images/monitor0003.jpg 404[39m
[11-02-2023 16:49:23] [31merror[39m: [31mGET /images/tv0001.jpg 404[39m
[11-02-2023 16:49:26] [31merror[39m: [31mGET /images/tv0001.jpg 404[39m
[11-02-2023 16:49:28] [33mwarn[39m: [33mPOST /api/order 500[39m
[11-02-2023 16:50:25] [31merror[39m: [31mGET / 302[39m
[11-02-2023 16:50:38] [31merror[39m: [31mGET /images/tv0001.jpg 404[39m
[11-02-2023 16:50:38] [31merror[39m: [31mGET /images/note0002.jpg 404[39m
[11-02-2023 16:50:38] [31merror[39m: [31mGET /images/monitor0003.jpg 404[39m
[11-02-2023 16:50:43] [31merror[39m: [31mGET /images/monitor0003.jpg 404[39m
[11-02-2023 16:50:45] [31merror[39m: [31mGET /images/note0002.jpg 404[39m
[11-02-2023 16:50:45] [31merror[39m: [31mGET /images/monitor0003.jpg 404[39m
[11-02-2023 16:50:47] [33mwarn[39m: [33mPOST /api/order 500[39m
[11-02-2023 16:51:18] [31merror[39m: [31mGET /images/tv0001.jpg 404[39m
[11-02-2023 16:51:18] [31merror[39m: [31mGET /images/note0002.jpg 404[39m
[11-02-2023 16:51:18] [31merror[39m: [31mGET /images/monitor0003.jpg 404[39m
[11-02-2023 16:51:20] [31merror[39m: [31mGET /images/tv0001.jpg 404[39m
[11-02-2023 16:51:23] [31merror[39m: [31mGET /images/tv0001.jpg 404[39m
[11-02-2023 16:51:25] [31merror[39m: [31mGET /images/tv0001.jpg 404[39m
[11-02-2023 17:24:11] [31merror[39m: [31mGET / 302[39m
[11-02-2023 17:38:49] [33mwarn[39m: [33mPOST /auth/register 500[39m
[11-02-2023 17:43:09] [33mwarn[39m: [33mPOST /auth/register 500[39m
[11-02-2023 17:50:18] [33mwarn[39m: [33mPOST /auth/register 500[39m
[12-02-2023 14:32:04] [31merror[39m: [31mGET /images/tv0001.jpg 404[39m
[12-02-2023 14:32:04] [31merror[39m: [31mGET /images/note0002.jpg 404[39m
[12-02-2023 14:32:04] [31merror[39m: [31mGET /images/monitor0003.jpg 404[39m
[12-02-2023 14:33:41] [33mwarn[39m: [33mPOST /auth/register 500[39m
[12-02-2023 14:34:03] [31merror[39m: [31mGET /images/monitor0003.jpg 404[39m
[12-02-2023 14:34:03] [31merror[39m: [31mGET /images/tv0001.jpg 404[39m
[12-02-2023 14:34:03] [31merror[39m: [31mGET /images/note0002.jpg 404[39m
[12-02-2023 14:36:48] [31merror[39m: [31mGET /images/monitor0003.jpg 404[39m
[12-02-2023 14:36:51] [31merror[39m: [31mGET /images/monitor0003.jpg 404[39m
[12-02-2023 14:36:53] [31merror[39m: [31mGET /images/tv0001.jpg 404[39m
[12-02-2023 14:36:53] [31merror[39m: [31mGET /images/note0002.jpg 404[39m
[12-02-2023 14:36:53] [31merror[39m: [31mGET /images/monitor0003.jpg 404[39m
[12-02-2023 14:36:55] [31merror[39m: [31mGET /images/tv0001.jpg 404[39m
[12-02-2023 14:36:57] [31merror[39m: [31mGET /images/monitor0003.jpg 404[39m
[12-02-2023 14:36:57] [31merror[39m: [31mGET /images/tv0001.jpg 404[39m
[12-02-2023 14:37:01] [31merror[39m: [31mGET /images/monitor0003.jpg 404[39m
[12-02-2023 14:37:01] [31merror[39m: [31mGET /images/tv0001.jpg 404[39m
[12-02-2023 14:37:05] [31merror[39m: [31mGET /images/tv0001.jpg 404[39m
[12-02-2023 14:37:05] [31merror[39m: [31mGET /images/note0002.jpg 404[39m
[12-02-2023 14:37:05] [31merror[39m: [31mGET /images/monitor0003.jpg 404[39m
[12-02-2023 14:37:36] [31merror[39m: [31mGET /images/tv0001.jpg 404[39m
[12-02-2023 14:37:36] [31merror[39m: [31mGET /images/note0002.jpg 404[39m
[12-02-2023 14:37:36] [31merror[39m: [31mGET /images/monitor0003.jpg 404[39m
[12-02-2023 14:40:58] [31merror[39m: [31mGET /consultas/falsofalso@fake.com 404[39m
[12-02-2023 14:41:02] [31merror[39m: [31mGET /images/tv0001.jpg 404[39m
[12-02-2023 14:41:02] [31merror[39m: [31mGET /images/note0002.jpg 404[39m
[12-02-2023 14:41:02] [31merror[39m: [31mGET /images/monitor0003.jpg 404[39m
[12-02-2023 14:50:04] [31merror[39m: [31mGET /images/tv0001.jpg 404[39m
[12-02-2023 14:50:05] [31merror[39m: [31mGET /images/note0002.jpg 404[39m
[12-02-2023 14:50:05] [31merror[39m: [31mGET /images/monitor0003.jpg 404[39m
[12-02-2023 14:53:06] [31merror[39m: [31mGET /images/tv0001.jpg 404[39m
[12-02-2023 14:53:06] [31merror[39m: [31mGET /images/monitor0003.jpg 404[39m
[12-02-2023 14:53:06] [31merror[39m: [31mGET /images/note0002.jpg 404[39m
[12-02-2023 14:53:17] [31merror[39m: [31mGET /images/tv0001.jpg 404[39m
[12-02-2023 14:53:17] [31merror[39m: [31mGET /images/note0002.jpg 404[39m
[12-02-2023 14:53:17] [31merror[39m: [31mGET /images/monitor0003.jpg 404[39m
[12-02-2023 14:53:23] [31merror[39m: [31mGET /consultas/user/ 404[39m
[12-02-2023 14:58:45] [31merror[39m: [31mGET /consultas/user/ 404[39m
[12-02-2023 15:09:05] [31merror[39m: [31mGET /images/tv0001.jpg 404[39m
[12-02-2023 15:09:05] [31merror[39m: [31mGET /images/monitor0003.jpg 404[39m
[12-02-2023 15:09:05] [31merror[39m: [31mGET /images/note0002.jpg 404[39m
[12-02-2023 15:11:22] [31merror[39m: [31mGET /assets/js/bootstrap.min.js.map 404[39m
[12-02-2023 15:11:22] [31merror[39m: [31mGET /assets/css/bootstrap.min.css.map 404[39m
[12-02-2023 15:14:22] [31merror[39m: [31mGET /images/tv0001.jpg 404[39m
[12-02-2023 15:14:22] [31merror[39m: [31mGET /images/note0002.jpg 404[39m
[12-02-2023 15:14:22] [31merror[39m: [31mGET /images/monitor0003.jpg 404[39m
[12-02-2023 15:14:22] [31merror[39m: [31mGET /assets/css/bootstrap.min.css.map 404[39m
[12-02-2023 15:14:22] [31merror[39m: [31mGET /assets/js/bootstrap.min.js.map 404[39m
[12-02-2023 15:14:28] [31merror[39m: [31mGET /consultas/user/ 404[39m
[12-02-2023 15:14:28] [31merror[39m: [31mGET /assets/css/bootstrap.min.css.map 404[39m
[12-02-2023 15:14:28] [31merror[39m: [31mGET /assets/js/bootstrap.min.js.map 404[39m
[12-02-2023 15:21:46] [31merror[39m: [31mGET /images/tv0001.jpg 404[39m
[12-02-2023 15:21:46] [31merror[39m: [31mGET /images/note0002.jpg 404[39m
[12-02-2023 15:21:46] [31merror[39m: [31mGET /images/monitor0003.jpg 404[39m
[12-02-2023 15:21:51] [31merror[39m: [31mGET /consultas/user/ 404[39m
[12-02-2023 15:22:16] [31merror[39m: [31mGET /consultas/user/ 404[39m
[12-02-2023 15:22:18] [31merror[39m: [31mGET /consultas/user/ 404[39m
[12-02-2023 15:22:52] [31merror[39m: [31mGET /images/tv0001.jpg 404[39m
[12-02-2023 15:22:52] [31merror[39m: [31mGET /images/note0002.jpg 404[39m
[12-02-2023 15:22:52] [31merror[39m: [31mGET /images/monitor0003.jpg 404[39m
[12-02-2023 15:23:32] [31merror[39m: [31mGET /consultas/user/falsofalso@fake.com 302[39m
[12-02-2023 15:23:48] [31merror[39m: [31mGET /images/tv0001.jpg 404[39m
[12-02-2023 15:23:48] [31merror[39m: [31mGET /images/note0002.jpg 404[39m
[12-02-2023 15:23:48] [31merror[39m: [31mGET /images/monitor0003.jpg 404[39m
[12-02-2023 15:27:13] [31merror[39m: [31mPOST /%22email%22=%22falsofalso@fake.com%22&%22password%22=%22123456%22 404[39m
[12-02-2023 15:27:27] [31merror[39m: [31mPOST / 404[39m
[12-02-2023 15:28:25] [31merror[39m: [31mPOST / 404[39m
[12-02-2023 15:28:40] [31merror[39m: [31mPOST /login 404[39m
[12-02-2023 15:28:59] [31merror[39m: [31mPOST /auth 404[39m
[12-02-2023 16:01:15] [31merror[39m: [31mGET / 302[39m
[12-02-2023 16:01:23] [31merror[39m: [31mPOST /auth/login 404[39m
[12-02-2023 16:01:36] [31merror[39m: [31mGET /images/tv0001.jpg 404[39m
[12-02-2023 16:01:36] [31merror[39m: [31mGET /images/note0002.jpg 404[39m
[12-02-2023 16:01:36] [31merror[39m: [31mGET /images/monitor0003.jpg 404[39m
[12-02-2023 16:01:57] [31merror[39m: [31mGET /images/tv0001.jpg 404[39m
[12-02-2023 16:01:57] [31merror[39m: [31mGET /images/note0002.jpg 404[39m
[12-02-2023 16:01:57] [31merror[39m: [31mGET /images/monitor0003.jpg 404[39m
[12-02-2023 16:42:51] [31merror[39m: [31mGET /images/tv0001.jpg 404[39m
[12-02-2023 16:42:51] [31merror[39m: [31mGET /images/note0002.jpg 404[39m
[12-02-2023 16:42:51] [31merror[39m: [31mGET /images/monitor0003.jpg 404[39m
[12-02-2023 16:42:57] [33mwarn[39m: [33mGET /consultas/user/63e4534d58716ec5dd344ea2 500[39m
